<?xml version="1.0" encoding="UTF-8"?>
<!-- Generated by org.testng.reporters.JUnitReportReporter -->
<testsuite hostname="Marjanas-Air.lan" failures="0" tests="3" name="com.izaan.apitests.UserLoginTest" time="5.299" errors="0" timestamp="2023-12-06T20:17:28 CST" skipped="0">
  <testcase classname="com.izaan.apitests.UserLoginTest" name="validateUserLogin" time="1.691"/>
  <testcase classname="com.izaan.apitests.UserLoginTest" name="invaliduserLoginAPI" time="2.095"/>
  <testcase classname="com.izaan.apitests.UserLoginTest" name="userLoginErrorPassword" time="1.513"/>
</testsuite> <!-- com.izaan.apitests.UserLoginTest -->
