<?xml version="1.0" encoding="UTF-8"?>
<!-- Generated by org.testng.reporters.JUnitReportReporter -->
<testsuite hostname="Marjanas-Air.lan" failures="0" tests="2" name="com.izaan.apitests.CreateUserRequestTests" time="4.156" errors="0" timestamp="2023-12-06T20:17:28 CST" skipped="0">
  <testcase classname="com.izaan.apitests.CreateUserRequestTests" name="validateUserCreation" time="3.038"/>
  <testcase classname="com.izaan.apitests.CreateUserRequestTests" name="validateUserCreationWithExistingUsername" time="1.118"/>
</testsuite> <!-- com.izaan.apitests.CreateUserRequestTests -->
