<?xml version="1.0" encoding="UTF-8"?>
<!-- Generated by org.testng.reporters.JUnitReportReporter -->
<testsuite hostname="Marjanas-Air.lan" failures="0" tests="2" name="com.izaan.apitests.UserListRequestTest" time="3.016" errors="0" timestamp="2023-12-06T20:17:28 CST" skipped="0">
  <testcase classname="com.izaan.apitests.UserListRequestTest" name="validateUserListWithInvalidURL" time="1.083"/>
  <testcase classname="com.izaan.apitests.UserListRequestTest" name="userListrequestTest" time="1.933"/>
</testsuite> <!-- com.izaan.apitests.UserListRequestTest -->
