<?xml version="1.0" encoding="UTF-8"?>
<!-- Generated by org.testng.reporters.JUnitReportReporter -->
<testsuite hostname="Marjanas-Air.lan" failures="0" tests="3" name="com.izaan.apitests.ResetPasswordTest" time="3.610" errors="0" timestamp="2023-12-06T20:17:28 CST" skipped="0">
  <testcase classname="com.izaan.apitests.ResetPasswordTest" name="resetWithInvalidCredentialTest" time="2.132"/>
  <testcase classname="com.izaan.apitests.ResetPasswordTest" name="successRestTest" time="1.070"/>
  <testcase classname="com.izaan.apitests.ResetPasswordTest" name="unsuccessfulReset" time="0.408"/>
</testsuite> <!-- com.izaan.apitests.ResetPasswordTest -->
