<?xml version="1.0" encoding="UTF-8"?>
<!-- Generated by org.testng.reporters.JUnitReportReporter -->
<testsuite hostname="Marjanas-Air.lan" failures="0" tests="2" name="com.izaan.apitests.GetListTollsCollectionPointTest" time="6.063" errors="0" timestamp="2023-12-06T20:17:28 CST" skipped="0">
  <testcase classname="com.izaan.apitests.GetListTollsCollectionPointTest" name="getListTollsCollectionPointTest" time="1.476"/>
  <testcase classname="com.izaan.apitests.GetListTollsCollectionPointTest" name="getListTollsCollectionPointNegativeTest" time="4.587"/>
</testsuite> <!-- com.izaan.apitests.GetListTollsCollectionPointTest -->
