<?xml version="1.0" encoding="UTF-8"?>
<!-- Generated by org.testng.reporters.JUnitReportReporter -->
<testsuite hostname="Marjanas-Air.lan" failures="0" tests="1" name="com.izaan.apitests.SubmitTollRequestTest" time="3.240" errors="0" timestamp="2023-12-06T20:17:28 CST" skipped="0">
  <testcase classname="com.izaan.apitests.SubmitTollRequestTest" name="submitTollTest" time="3.240"/>
</testsuite> <!-- com.izaan.apitests.SubmitTollRequestTest -->
